================== Image ==================
[0] [ 1  2  3  4  5  6  7  8  9 10 11 12 13 14 15 16 17 18 19 20 21 22 23 24
 25 26 27 28 29 30 31 32 33]
Filter 0 uses idx: 0
  Synth error = 806.1891837527963
  Synth error = 0.5934694079680494
[0, 1] [ 2  3  4  5  6  7  8  9 10 11 12 13 14 15 16 17 18 19 20 21 22 23 24 25
 26 27 28 29 30 31 32 33]
Filter 1 uses idx: 0
  Synth error = 744.0315853510522
  Synth error = 0.7818788639411182
[0, 1, 6] [ 2  3  4  5  7  8  9 10 11 12 13 14 15 16 17 18 19 20 21 22 23 24 25 26
 27 28 29 30 31 32 33]
Filter 2 uses idx: 4
  Synth error = 789.558104258325
  Synth error = 0.8472277998065492
[0, 1, 6, 5] [ 2  3  4  7  8  9 10 11 12 13 14 15 16 17 18 19 20 21 22 23 24 25 26 27
 28 29 30 31 32 33]
Filter 3 uses idx: 3
  Synth error = 725.6762363478633
  Synth error = 1.048010018771791
[0, 1, 6, 5, 7] [ 2  3  4  8  9 10 11 12 13 14 15 16 17 18 19 20 21 22 23 24 25 26 27 28
 29 30 31 32 33]
Filter 4 uses idx: 3
  Synth error = 724.0089778448884
  Synth error = 1.1479294660419197
[0, 1, 6, 5, 7, 28] [ 2  3  4  8  9 10 11 12 13 14 15 16 17 18 19 20 21 22 23 24 25 26 27 29
 30 31 32 33]
Filter 5 uses idx: 23
  Synth error = 719.2016407100307
  Synth error = 1.2454684207161117
[0, 1, 6, 5, 7, 28, 4] [ 2  3  8  9 10 11 12 13 14 15 16 17 18 19 20 21 22 23 24 25 26 27 29 30
 31 32 33]
Filter 6 uses idx: 2
  Synth error = 704.6218844174513
  Synth error = 1.33730939331107
[0, 1, 6, 5, 7, 28, 4, 27] [ 2  3  8  9 10 11 12 13 14 15 16 17 18 19 20 21 22 23 24 25 26 29 30 31
 32 33]
Filter 7 uses idx: 21
  Synth error = 705.8137148001589
  Synth error = 1.4463723384565228
[0, 1, 6, 5, 7, 28, 4, 27, 2] [ 3  8  9 10 11 12 13 14 15 16 17 18 19 20 21 22 23 24 25 26 29 30 31 32
 33]
Filter 8 uses idx: 0
  Synth error = 711.5630681815913
  Synth error = 1.5870337380986148
[0, 1, 6, 5, 7, 28, 4, 27, 2, 30] [ 3  8  9 10 11 12 13 14 15 16 17 18 19 20 21 22 23 24 25 26 29 31 32 33]
Filter 9 uses idx: 21
  Synth error = 703.053340792859
  Synth error = 1.6853420844824467
[0, 1, 6, 5, 7, 28, 4, 27, 2, 30, 10] [ 3  8  9 11 12 13 14 15 16 17 18 19 20 21 22 23 24 25 26 29 31 32 33]
Filter 10 uses idx: 3
  Synth error = 714.6243768582206
  Synth error = 1.853591241778879
[0, 1, 6, 5, 7, 28, 4, 27, 2, 30, 10, 12] [ 3  8  9 11 13 14 15 16 17 18 19 20 21 22 23 24 25 26 29 31 32 33]
Filter 11 uses idx: 4
  Synth error = 716.1473312105547
  Synth error = 1.9979844397613808
[0, 1, 6, 5, 7, 28, 4, 27, 2, 30, 10, 12, 8] [ 3  9 11 13 14 15 16 17 18 19 20 21 22 23 24 25 26 29 31 32 33]
Filter 12 uses idx: 1
  Synth error = 702.8975743307128
  Synth error = 2.0965638887181104
[0, 1, 6, 5, 7, 28, 4, 27, 2, 30, 10, 12, 8, 3] [ 9 11 13 14 15 16 17 18 19 20 21 22 23 24 25 26 29 31 32 33]
Filter 13 uses idx: 0
  Synth error = 696.6634768667006
  Synth error = 2.1494494308090464
[0, 1, 6, 5, 7, 28, 4, 27, 2, 30, 10, 12, 8, 3, 20] [ 9 11 13 14 15 16 17 18 19 21 22 23 24 25 26 29 31 32 33]
Filter 14 uses idx: 9
  Synth error = 704.304621594946
  Synth error = 2.2669228328037874
[0, 1, 6, 5, 7, 28, 4, 27, 2, 30, 10, 12, 8, 3, 20, 9] [11 13 14 15 16 17 18 19 21 22 23 24 25 26 29 31 32 33]
Filter 15 uses idx: 0
  Synth error = 704.2144559720426
  Synth error = 2.347653093877391
[0, 1, 6, 5, 7, 28, 4, 27, 2, 30, 10, 12, 8, 3, 20, 9, 24] [11 13 14 15 16 17 18 19 21 22 23 25 26 29 31 32 33]
Filter 16 uses idx: 11
  Synth error = 703.0931659460217
  Synth error = 2.4618248253764277
[0, 1, 6, 5, 7, 28, 4, 27, 2, 30, 10, 12, 8, 3, 20, 9, 24, 33] [11 13 14 15 16 17 18 19 21 22 23 25 26 29 31 32]
Filter 17 uses idx: 16
  Synth error = 697.1642561118578
  Synth error = 2.546905905597855
[0, 1, 6, 5, 7, 28, 4, 27, 2, 30, 10, 12, 8, 3, 20, 9, 24, 33, 14] [11 13 15 16 17 18 19 21 22 23 25 26 29 31 32]
Filter 18 uses idx: 2
  Synth error = 700.9743219262742
  Synth error = 2.6257941937063722
[0, 1, 6, 5, 7, 28, 4, 27, 2, 30, 10, 12, 8, 3, 20, 9, 24, 33, 14, 22] [11 13 15 16 17 18 19 21 23 25 26 29 31 32]
Filter 19 uses idx: 8
  Synth error = 696.2126112043647
  Synth error = 2.728150358604866
[0, 1, 6, 5, 7, 28, 4, 27, 2, 30, 10, 12, 8, 3, 20, 9, 24, 33, 14, 22, 17] [11 13 15 16 18 19 21 23 25 26 29 31 32]
Filter 20 uses idx: 4
  Synth error = 704.0099431116013
  Synth error = 2.7696741208341966
[0, 1, 6, 5, 7, 28, 4, 27, 2, 30, 10, 12, 8, 3, 20, 9, 24, 33, 14, 22, 17, 13] [11 15 16 18 19 21 23 25 26 29 31 32]
Filter 21 uses idx: 1
  Synth error = 708.5781537699282
  Synth error = 2.8545878014552803
[0, 1, 6, 5, 7, 28, 4, 27, 2, 30, 10, 12, 8, 3, 20, 9, 24, 33, 14, 22, 17, 13, 19] [11 15 16 18 21 23 25 26 29 31 32]
Filter 22 uses idx: 4
  Synth error = 706.3625131616202
  Synth error = 2.904867445363205
[0, 1, 6, 5, 7, 28, 4, 27, 2, 30, 10, 12, 8, 3, 20, 9, 24, 33, 14, 22, 17, 13, 19, 32] [11 15 16 18 21 23 25 26 29 31]
Filter 23 uses idx: 10
  Synth error = 701.003566324737
  Synth error = 2.9875799937538656
[0, 1, 6, 5, 7, 28, 4, 27, 2, 30, 10, 12, 8, 3, 20, 9, 24, 33, 14, 22, 17, 13, 19, 32, 15] [11 16 18 21 23 25 26 29 31]
Filter 24 uses idx: 1
  Synth error = 706.6137558808207
  Synth error = 3.04269615966718
[0, 1, 6, 5, 7, 28, 4, 27, 2, 30, 10, 12, 8, 3, 20, 9, 24, 33, 14, 22, 17, 13, 19, 32, 15]
================== Image ==================
[0] [ 1  2  3  4  5  6  7  8  9 10 11 12 13 14 15 16 17 18 19 20 21 22 23 24
 25 26 27 28 29 30 31 32 33]
Filter 0 uses idx: 0
  Synth error = 516.8404008976079
  Synth error = 0.6453245461161651
[0, 6] [ 1  2  3  4  5  7  8  9 10 11 12 13 14 15 16 17 18 19 20 21 22 23 24 25
 26 27 28 29 30 31 32 33]
Filter 1 uses idx: 5
  Synth error = 309.780567498996
  Synth error = 0.9124546867707505
[0, 6, 8] [ 1  2  3  4  5  7  9 10 11 12 13 14 15 16 17 18 19 20 21 22 23 24 25 26
 27 28 29 30 31 32 33]
Filter 2 uses idx: 6
  Synth error = 284.29386205122336
  Synth error = 1.1748092404338357
[0, 6, 8, 21] [ 1  2  3  4  5  7  9 10 11 12 13 14 15 16 17 18 19 20 22 23 24 25 26 27
 28 29 30 31 32 33]
Filter 3 uses idx: 18
  Synth error = 281.93261606277485
  Synth error = 1.5154193332766774
[0, 6, 8, 21, 1] [ 2  3  4  5  7  9 10 11 12 13 14 15 16 17 18 19 20 22 23 24 25 26 27 28
 29 30 31 32 33]
Filter 4 uses idx: 0
  Synth error = 269.02973813316623
  Synth error = 1.6679711957428933
[0, 6, 8, 21, 1, 7] [ 2  3  4  5  9 10 11 12 13 14 15 16 17 18 19 20 22 23 24 25 26 27 28 29
 30 31 32 33]
Filter 5 uses idx: 4
  Synth error = 273.23799150191394
  Synth error = 1.784047387100629
[0, 6, 8, 21, 1, 7, 19] [ 2  3  4  5  9 10 11 12 13 14 15 16 17 18 20 22 23 24 25 26 27 28 29 30
 31 32 33]
Filter 6 uses idx: 14
  Synth error = 273.9342986922229
  Synth error = 2.023988595086724
[0, 6, 8, 21, 1, 7, 19, 2] [ 3  4  5  9 10 11 12 13 14 15 16 17 18 20 22 23 24 25 26 27 28 29 30 31
 32 33]
Filter 7 uses idx: 0
  Synth error = 273.8941401344687
  Synth error = 2.1504443577264647
[0, 6, 8, 21, 1, 7, 19, 2, 12] [ 3  4  5  9 10 11 13 14 15 16 17 18 20 22 23 24 25 26 27 28 29 30 31 32
 33]
Filter 8 uses idx: 6
  Synth error = 277.90106153089806
  Synth error = 2.320699307823509
[0, 6, 8, 21, 1, 7, 19, 2, 12, 27] [ 3  4  5  9 10 11 13 14 15 16 17 18 20 22 23 24 25 26 28 29 30 31 32 33]
Filter 9 uses idx: 18
  Synth error = 271.5547826866616
  Synth error = 2.4924949037682183
[0, 6, 8, 21, 1, 7, 19, 2, 12, 27, 5] [ 3  4  9 10 11 13 14 15 16 17 18 20 22 23 24 25 26 28 29 30 31 32 33]
Filter 10 uses idx: 2
  Synth error = 277.1587992469299
  Synth error = 2.5908156850365853
[0, 6, 8, 21, 1, 7, 19, 2, 12, 27, 5, 28] [ 3  4  9 10 11 13 14 15 16 17 18 20 22 23 24 25 26 29 30 31 32 33]
Filter 11 uses idx: 17
  Synth error = 264.96226146377904
  Synth error = 2.7530324371394697
[0, 6, 8, 21, 1, 7, 19, 2, 12, 27, 5, 28, 22] [ 3  4  9 10 11 13 14 15 16 17 18 20 23 24 25 26 29 30 31 32 33]
Filter 12 uses idx: 12
  Synth error = 279.23645893758214
  Synth error = 2.907003521492268
[0, 6, 8, 21, 1, 7, 19, 2, 12, 27, 5, 28, 22, 25] [ 3  4  9 10 11 13 14 15 16 17 18 20 23 24 26 29 30 31 32 33]
Filter 13 uses idx: 14
  Synth error = 268.76197647732835
  Synth error = 3.040103142121503
[0, 6, 8, 21, 1, 7, 19, 2, 12, 27, 5, 28, 22, 25, 9] [ 3  4 10 11 13 14 15 16 17 18 20 23 24 26 29 30 31 32 33]
Filter 14 uses idx: 2
  Synth error = 276.70923367318267
  Synth error = 3.122168666780698corrupted size vs. prev_size
